[info] File logging initialized
[info] latest.log path: logs\latest.log
[info] PlatformApp: desktop resolution 2560x1440
[info] PlatformApp: SDL_CreateWindow begin
[info] PlatformApp: SDL_CreateWindow ok
[info] PlatformApp: SDL window=2560x1440 pixel=2560x1440 game=2560x1440
[info] PlatformApp: SDL_Vulkan_LoadLibrary begin
[info] PlatformApp: SDL_Vulkan_LoadLibrary ok
[info] PlatformApp: initialize_audio begin
[info] PlatformApp: initialize ok
[info] Application: initialize renderer
[info] Renderer: create_instance
[info] Renderer: create_surface
[info] Renderer: pick_physical_device
[info] Renderer: fillModeNonSolid is supported
[info] Renderer: wideLines is supported
[info] Renderer: create_device
[info] Renderer: create_swapchain
[info] Renderer: available surface format=VK_FORMAT_R8G8B8A8_UNORM(37) colorSpace=VK_COLOR_SPACE_SRGB_NONLINEAR_KHR(0)
[info] Renderer: available surface format=VK_FORMAT_B8G8R8A8_UNORM(44) colorSpace=VK_COLOR_SPACE_SRGB_NONLINEAR_KHR(0)
[info] Renderer: available surface format=VK_FORMAT_OTHER(64) colorSpace=VK_COLOR_SPACE_SRGB_NONLINEAR_KHR(0)
[info] Renderer: available surface format=VK_FORMAT_R8G8B8A8_SRGB(43) colorSpace=VK_COLOR_SPACE_SRGB_NONLINEAR_KHR(0)
[info] Renderer: available surface format=VK_FORMAT_B8G8R8A8_SRGB(50) colorSpace=VK_COLOR_SPACE_SRGB_NONLINEAR_KHR(0)
[info] Renderer: surface currentTransform=IDENTITY preTransform=IDENTITY selectedFormat=VK_FORMAT_B8G8R8A8_SRGB(50) colorSpace=VK_COLOR_SPACE_SRGB_NONLINEAR_KHR(0) swapchain_srgb=true swapchain=2560x1440 logical=2560x1440
[info] Renderer: create_image_views
[info] Renderer: create_render_pass
[info] Renderer: create_pipeline
[info] Renderer: create_depth_resources
[info] Renderer: create_framebuffers
[info] Renderer: create_command_pool
[info] Renderer: load_textures
[info] Renderer: loaded minecraft.ttf, size: 21808 bytes
[info] Renderer: font glyphs packed successfully into 2048x2048 atlas
[info] Renderer: menu font loaded successfully
[info] Renderer: create_command_buffers
[info] Renderer: create_sync_objects
[info] Renderer: initialized
[info] PlatformApp: discovered music tracks=8
[info] PlatformApp: playing music moog_city.ogg
[info] PlatformApp: SDL window=2560x1440 pixel=2560x1440 game=2560x1440
[info] PlatformApp: SDL window=2560x1440 pixel=2560x1440 game=2560x1440
[info] Renderer: push constant Mat4 size is 64 bytes
[info] Application: start_world save_root='saves\default'
[info] WorldSave: save root ready 'saves\default'
[info] WorldSave: created worldSeed=6212500856521693481
[info] Application: world metadata loaded seed=6212500856521693481
[info] WorldStreamer: worker threads=10
[info] Application: world streamer created seed=6212500856521693481
[info] WorldStreamer: rebuild queued coord=(2,4)
[info] WorldStreamer: rebuild dirty coord=(2,4)
[info] WorldStreamer: rebuild queued coord=(3,4)
[info] WorldStreamer: rebuild dirty coord=(3,4)
[info] WorldStreamer: rebuild dirty coord=(2,4)
[info] WorldStreamer: rebuild queued coord=(1,4)
[info] WorldStreamer: rebuild dirty coord=(1,4)
[info] WorldStreamer: rebuild dirty coord=(2,4)
[info] WorldStreamer: rebuild queued coord=(2,3)
[info] WorldStreamer: rebuild dirty coord=(2,3)
[info] WorldStreamer: rebuild dirty coord=(2,4)
[info] WorldStreamer: rebuild dirty coord=(1,4)
[info] WorldStreamer: rebuild dirty coord=(3,4)
[info] WorldStreamer: rebuild queued coord=(2,5)
[info] WorldStreamer: rebuild dirty coord=(2,5)
[info] WorldStreamer: rebuild dirty coord=(2,4)
[warn] WorldGenerator: mesh builder self-check failed: seam_neighbor_mesh_faces=4, expected=5
[info] WorldStreamer: chunk ready vertices=11672 indices=17508 generate_ms=0.000000 mesh_ms=9.582900
[info] WorldStreamer: chunk ready vertices=13356 indices=20034 generate_ms=0.000000 mesh_ms=11.852000
[info] Application: pending chunk uploads=2
[info] WorldStreamer: chunk ready vertices=4916 indices=7374 generate_ms=0.000000 mesh_ms=9.604400
[info] Application: pending chunk uploads=1
[info] WorldStreamer: chunk ready vertices=10404 indices=15606 generate_ms=0.000000 mesh_ms=10.447900
[info] WorldStreamer: chunk ready vertices=14172 indices=21258 generate_ms=0.000000 mesh_ms=11.160600
[info] Application: pending chunk uploads=2
[info] WorldStreamer: chunk ready vertices=11224 indices=16836 generate_ms=0.000000 mesh_ms=10.509000
[info] WorldStreamer: chunk ready vertices=13020 indices=19530 generate_ms=0.000000 mesh_ms=11.058000
[info] Application: pending chunk uploads=2
[info] WorldStreamer: chunk ready vertices=15888 indices=23832 generate_ms=0.000000 mesh_ms=11.190300
[info] Application: pending chunk uploads=1
[info] Application: pending chunk uploads=1
[info] Application: pending chunk uploads=1
[info] Application: pending chunk uploads=1
[warn] WorldStreamer: stale upload dropped coord=(-1,4)
[warn] WorldStreamer: stale upload dropped coord=(0,5)
[warn] WorldStreamer: stale upload dropped coord=(-1,1)
[warn] WorldStreamer: stale upload dropped coord=(-2,2)
[warn] WorldStreamer: stale upload dropped coord=(-2,3)
[warn] WorldStreamer: stale upload dropped coord=(3,7)
[warn] WorldStreamer: stale upload dropped coord=(-3,3)
[warn] WorldStreamer: stale upload dropped coord=(-2,-2)
[warn] WorldStreamer: stale upload dropped coord=(-5,11)
[warn] WorldStreamer: stale upload dropped coord=(-4,11)
[warn] WorldStreamer: stale upload dropped coord=(-6,9)
[warn] WorldStreamer: stale upload dropped coord=(-6,7)
[warn] WorldStreamer: stale upload dropped coord=(7,10)
[warn] WorldStreamer: stale upload dropped coord=(-6,4)
[warn] WorldStreamer: stale upload dropped coord=(-4,13)
[warn] WorldStreamer: stale upload dropped coord=(3,14)
[info] WorldStreamer: render distance set to 11
[info] WorldStreamer: render distance set to 12
[info] WorldStreamer: render distance set to 13
[info] WorldStreamer: render distance set to 14
[info] WorldStreamer: render distance set to 15
[info] WorldStreamer: render distance set to 16
[info] WorldStreamer: render distance set to 17
[info] WorldStreamer: render distance set to 18
[info] WorldStreamer: render distance set to 19
[info] WorldStreamer: render distance set to 20
[info] WorldStreamer: render distance set to 21
[info] WorldStreamer: render distance set to 22
[info] WorldStreamer: render distance set to 23
[info] WorldStreamer: render distance set to 24
[info] WorldStreamer: render distance set to 25
[info] WorldStreamer: render distance set to 26
[info] WorldStreamer: render distance set to 27
[info] WorldStreamer: render distance set to 28
[warn] Renderer: cave visibility culled many sections visible=5644 cave=2544 surface=0
[warn] Renderer: cave visibility culled many sections visible=5644 cave=2544 surface=0
[warn] Renderer: cave visibility culled many sections visible=5644 cave=2544 surface=0
[warn] Renderer: cave visibility culled many sections visible=5652 cave=2550 surface=0
[warn] Renderer: cave visibility culled many sections visible=5652 cave=2550 surface=0
[warn] Renderer: cave visibility culled many sections visible=5652 cave=2550 surface=0
[warn] Renderer: cave visibility culled many sections visible=5652 cave=2550 surface=0
[warn] Renderer: cave visibility culled many sections visible=5659 cave=2556 surface=0
[info] Renderer: wireframe enabled
[info] Renderer: wireframe disabled
[info] PlatformApp: next music in 56s
[info] PlatformApp: playing music équinoxe.ogg
